<?xml version="1.0" encoding="UTF-8"?>
<!-- Generated by org.testng.reporters.JUnitReportReporter -->
<testsuite hostname="DESKTOP-QTD8MAQ" name="com.selenium.basic.FirstSeleniumTest" tests="1" failures="0" timestamp="30 Jul 2022 07:45:43 GMT" time="10.937" errors="0">
  <testcase name="verifyFaceBookHomePage" time="10.937" classname="com.selenium.basic.FirstSeleniumTest"/>
</testsuite> <!-- com.selenium.basic.FirstSeleniumTest -->
