<?xml version="1.0" encoding="UTF-8"?>
<!-- Generated by org.testng.reporters.JUnitReportReporter -->
<testsuite hostname="DESKTOP-QTD8MAQ" name="com.selenium.masterpart1.FindBrokenLink" tests="1" failures="0" timestamp="8 Aug 2022 09:37:08 GMT" time="34.168" errors="0">
  <testcase name="ImplicitWaitTest" time="34.168" classname="com.selenium.masterpart1.FindBrokenLink"/>
</testsuite> <!-- com.selenium.masterpart1.FindBrokenLink -->
