<?xml version="1.0" encoding="UTF-8"?>
<!-- Generated by org.testng.reporters.JUnitReportReporter -->
<testsuite hostname="DESKTOP-QTD8MAQ" name="com.selenium.basic.InvokeDriver" tests="1" failures="0" timestamp="30 Jul 2022 08:09:01 GMT" time="29.670" errors="0">
  <testcase name="verifyFaceBookHomePage" time="29.670" classname="com.selenium.basic.InvokeDriver"/>
</testsuite> <!-- com.selenium.basic.InvokeDriver -->
