<?xml version="1.0" encoding="UTF-8"?>
<!-- Generated by org.testng.reporters.JUnitReportReporter -->
<testsuite hostname="DESKTOP-QTD8MAQ" name="com.selenium.webelement.rediffSigninTest" tests="1" failures="0" timestamp="1 Aug 2022 11:28:43 GMT" time="19.923" errors="0">
  <testcase name="rediffsignin" time="19.923" classname="com.selenium.webelement.rediffSigninTest"/>
</testsuite> <!-- com.selenium.webelement.rediffSigninTest -->
