<?xml version="1.0" encoding="UTF-8"?>
<!-- Generated by org.testng.reporters.JUnitReportReporter -->
<testsuite hostname="DESKTOP-QTD8MAQ" name="com.selenium.wait.ImplicitWait" tests="1" failures="0" timestamp="5 Aug 2022 09:47:59 GMT" time="14.258" errors="0">
  <testcase name="ImplicitWaitTest" time="14.258" classname="com.selenium.wait.ImplicitWait"/>
</testsuite> <!-- com.selenium.wait.ImplicitWait -->
