<?xml version="1.0" encoding="UTF-8"?>
<!-- Generated by org.testng.reporters.JUnitReportReporter -->
<testsuite hostname="DESKTOP-QTD8MAQ" name="com.selenium.wait.SleepWaitClass" tests="1" failures="0" timestamp="5 Aug 2022 06:08:31 GMT" time="19.064" errors="0">
  <testcase name="googleSearch" time="19.064" classname="com.selenium.wait.SleepWaitClass"/>
</testsuite> <!-- com.selenium.wait.SleepWaitClass -->
